# JRE version: OpenJDK Runtime Environment (8.0_112-b06) (build 1.8.0_112-release-b06)
# Java VM: OpenJDK 64-Bit Server VM (25.112-b06 mixed mode windows-amd64 compressed oops)
Heap:
 PSYoungGen      total 197632K, used 40769K [0x00000000e0000000, 0x00000000f0580000, 0x0000000100000000)
  eden space 185856K, 15% used [0x00000000e0000000,0x00000000e1c55108,0x00000000eb580000)
  from space 11776K, 99% used [0x00000000eb580000,0x00000000ec0fb608,0x00000000ec100000)
  to   space 13824K, 0% used [0x00000000ef800000,0x00000000ef800000,0x00000000f0580000)
 ParOldGen       total 80384K, used 45583K [0x00000000a0000000, 0x00000000a4e80000, 0x00000000e0000000)
  object space 80384K, 56% used [0x00000000a0000000,0x00000000a2c83d88,0x00000000a4e80000)
 Metaspace       used 66513K, capacity 68608K, committed 68760K, reserved 1110016K
  class space    used 8400K, capacity 8795K, committed 8872K, reserved 1048576K
GC Heap History (10 events):
Event: 157.416 GC heap before
{Heap before GC invocations=22 (full 3):
 PSYoungGen      total 124928K, used 114176K [0x00000000e0000000, 0x00000000e9180000, 0x0000000100000000)
  eden space 114176K, 100% used [0x00000000e0000000,0x00000000e6f80000,0x00000000e6f80000)
  from space 10752K, 0% used [0x00000000e7a00000,0x00000000e7a00000,0x00000000e8480000)
  to   space 10752K, 0% used [0x00000000e6f80000,0x00000000e6f80000,0x00000000e7a00000)
 ParOldGen       total 80384K, used 35051K [0x00000000a0000000, 0x00000000a4e80000, 0x00000000e0000000)
  object space 80384K, 43% used [0x00000000a0000000,0x00000000a223acd0,0x00000000a4e80000)
 Metaspace       used 60799K, capacity 62418K, committed 62616K, reserved 1103872K
  class space    used 7888K, capacity 8244K, committed 8360K, reserved 1048576K
Event: 157.453 GC heap after
Heap after GC invocations=22 (full 3):
 PSYoungGen      total 124928K, used 6931K [0x00000000e0000000, 0x00000000ea000000, 0x0000000100000000)
  eden space 114176K, 0% used [0x00000000e0000000,0x00000000e0000000,0x00000000e6f80000)
  from space 10752K, 64% used [0x00000000e6f80000,0x00000000e7644e00,0x00000000e7a00000)
  to   space 10752K, 0% used [0x00000000e9580000,0x00000000e9580000,0x00000000ea000000)
 ParOldGen       total 80384K, used 35059K [0x00000000a0000000, 0x00000000a4e80000, 0x00000000e0000000)
  object space 80384K, 43% used [0x00000000a0000000,0x00000000a223ccd0,0x00000000a4e80000)
 Metaspace       used 60799K, capacity 62418K, committed 62616K, reserved 1103872K
  class space    used 7888K, capacity 8244K, committed 8360K, reserved 1048576K
}
Event: 158.952 GC heap before
{Heap before GC invocations=23 (full 3):
 PSYoungGen      total 124928K, used 120420K [0x00000000e0000000, 0x00000000ea000000, 0x0000000100000000)
  eden space 114176K, 99% used [0x00000000e0000000,0x00000000e6ed43f0,0x00000000e6f80000)
  from space 10752K, 64% used [0x00000000e6f80000,0x00000000e7644e00,0x00000000e7a00000)
  to   space 10752K, 0% used [0x00000000e9580000,0x00000000e9580000,0x00000000ea000000)
 ParOldGen       total 80384K, used 35059K [0x00000000a0000000, 0x00000000a4e80000, 0x00000000e0000000)
  object space 80384K, 43% used [0x00000000a0000000,0x00000000a223ccd0,0x00000000a4e80000)
 Metaspace       used 61866K, capacity 63590K, committed 63768K, reserved 1103872K
  class space    used 8057K, capacity 8434K, committed 8488K, reserved 1048576K
Event: 159.005 GC heap after
Heap after GC invocations=23 (full 3):
 PSYoungGen      total 152576K, used 8493K [0x00000000e0000000, 0x00000000ea200000, 0x0000000100000000)
  eden space 141824K, 0% used [0x00000000e0000000,0x00000000e0000000,0x00000000e8a80000)
  from space 10752K, 78% used [0x00000000e9580000,0x00000000e9dcb4b8,0x00000000ea000000)
  to   space 11264K, 0% used [0x00000000e8a80000,0x00000000e8a80000,0x00000000e9580000)
 ParOldGen       total 80384K, used 39729K [0x00000000a0000000, 0x00000000a4e80000, 0x00000000e0000000)
  object space 80384K, 49% used [0x00000000a0000000,0x00000000a26cc6a8,0x00000000a4e80000)
 Metaspace       used 61866K, capacity 63590K, committed 63768K, reserved 1103872K
  class space    used 8057K, capacity 8434K, committed 8488K, reserved 1048576K
}
Event: 159.070 GC heap before
{Heap before GC invocations=24 (full 3):
 PSYoungGen      total 152576K, used 150268K [0x00000000e0000000, 0x00000000ea200000, 0x0000000100000000)
  eden space 141824K, 99% used [0x00000000e0000000,0x00000000e8a73f18,0x00000000e8a80000)
  from space 10752K, 78% used [0x00000000e9580000,0x00000000e9dcb4b8,0x00000000ea000000)
  to   space 11264K, 0% used [0x00000000e8a80000,0x00000000e8a80000,0x00000000e9580000)
 ParOldGen       total 80384K, used 39729K [0x00000000a0000000, 0x00000000a4e80000, 0x00000000e0000000)
  object space 80384K, 49% used [0x00000000a0000000,0x00000000a26cc6a8,0x00000000a4e80000)
 Metaspace       used 61869K, capacity 63590K, committed 63768K, reserved 1103872K
  class space    used 8057K, capacity 8434K, committed 8488K, reserved 1048576K
Event: 159.090 GC heap after
Heap after GC invocations=24 (full 3):
 PSYoungGen      total 153088K, used 32K [0x00000000e0000000, 0x00000000ecf80000, 0x0000000100000000)
  eden space 141824K, 0% used [0x00000000e0000000,0x00000000e0000000,0x00000000e8a80000)
  from space 11264K, 0% used [0x00000000e8a80000,0x00000000e8a88000,0x00000000e9580000)
  to   space 11776K, 0% used [0x00000000ec400000,0x00000000ec400000,0x00000000ecf80000)
 ParOldGen       total 80384K, used 44500K [0x00000000a0000000, 0x00000000a4e80000, 0x00000000e0000000)
  object space 80384K, 55% used [0x00000000a0000000,0x00000000a2b75360,0x00000000a4e80000)
 Metaspace       used 61869K, capacity 63590K, committed 63768K, reserved 1103872K
  class space    used 8057K, capacity 8434K, committed 8488K, reserved 1048576K
}
Event: 582.553 GC heap before
{Heap before GC invocations=25 (full 3):
 PSYoungGen      total 153088K, used 141856K [0x00000000e0000000, 0x00000000ecf80000, 0x0000000100000000)
  eden space 141824K, 100% used [0x00000000e0000000,0x00000000e8a80000,0x00000000e8a80000)
  from space 11264K, 0% used [0x00000000e8a80000,0x00000000e8a88000,0x00000000e9580000)
  to   space 11776K, 0% used [0x00000000ec400000,0x00000000ec400000,0x00000000ecf80000)
 ParOldGen       total 80384K, used 44500K [0x00000000a0000000, 0x00000000a4e80000, 0x00000000e0000000)
  object space 80384K, 55% used [0x00000000a0000000,0x00000000a2b75360,0x00000000a4e80000)
 Metaspace       used 65428K, capacity 67348K, committed 67608K, reserved 1107968K
  class space    used 8308K, capacity 8673K, committed 8744K, reserved 1048576K
Event: 582.598 GC heap after
Heap after GC invocations=25 (full 3):
 PSYoungGen      total 194560K, used 6369K [0x00000000e0000000, 0x00000000ecc80000, 0x0000000100000000)
  eden space 185856K, 0% used [0x00000000e0000000,0x00000000e0000000,0x00000000eb580000)
  from space 8704K, 73% used [0x00000000ec400000,0x00000000eca38560,0x00000000ecc80000)
  to   space 11776K, 0% used [0x00000000eb580000,0x00000000eb580000,0x00000000ec100000)
 ParOldGen       total 80384K, used 44516K [0x00000000a0000000, 0x00000000a4e80000, 0x00000000e0000000)
  object space 80384K, 55% used [0x00000000a0000000,0x00000000a2b79360,0x00000000a4e80000)
 Metaspace       used 65428K, capacity 67348K, committed 67608K, reserved 1107968K
  class space    used 8308K, capacity 8673K, committed 8744K, reserved 1048576K
}
Event: 1348.240 GC heap before
{Heap before GC invocations=26 (full 3):
 PSYoungGen      total 194560K, used 191673K [0x00000000e0000000, 0x00000000ecc80000, 0x0000000100000000)
  eden space 185856K, 99% used [0x00000000e0000000,0x00000000eb4f5fc8,0x00000000eb580000)
  from space 8704K, 73% used [0x00000000ec400000,0x00000000eca38560,0x00000000ecc80000)
  to   space 11776K, 0% used [0x00000000eb580000,0x00000000eb580000,0x00000000ec100000)
 ParOldGen       total 80384K, used 44516K [0x00000000a0000000, 0x00000000a4e80000, 0x00000000e0000000)
  object space 80384K, 55% used [0x00000000a0000000,0x00000000a2b79360,0x00000000a4e80000)
 Metaspace       used 66447K, capacity 68566K, committed 68760K, reserved 1110016K
  class space    used 8397K, capacity 8788K, committed 8872K, reserved 1048576K
Event: 1348.458 GC heap after
Heap after GC invocations=26 (full 3):
 PSYoungGen      total 197632K, used 11757K [0x00000000e0000000, 0x00000000f0580000, 0x0000000100000000)
  eden space 185856K, 0% used [0x00000000e0000000,0x00000000e0000000,0x00000000eb580000)
  from space 11776K, 99% used [0x00000000eb580000,0x00000000ec0fb608,0x00000000ec100000)
  to   space 13824K, 0% used [0x00000000ef800000,0x00000000ef800000,0x00000000f0580000)
 ParOldGen       total 80384K, used 45583K [0x00000000a0000000, 0x00000000a4e80000, 0x00000000e0000000)
  object space 80384K, 56% used [0x00000000a0000000,0x00000000a2c83d88,0x00000000a4e80000)
 Metaspace       used 66447K, capacity 68566K, committed 68760K, reserved 1110016K
  class space    used 8397K, capacity 8788K, committed 8872K, reserved 1048576K
}

