# JRE version: OpenJDK Runtime Environment (8.0_112-b06) (build 1.8.0_112-release-b06)
# Java VM: OpenJDK 64-Bit Server VM (25.112-b06 mixed mode windows-amd64 compressed oops)
Heap:
 PSYoungGen      total 208896K, used 147735K [0x00000000e0000000, 0x00000000f1880000, 0x0000000100000000)
  eden space 205824K, 70% used [0x00000000e0000000,0x00000000e8d45db8,0x00000000ec900000)
  from space 3072K, 100% used [0x00000000f1580000,0x00000000f1880000,0x00000000f1880000)
  to   space 29696K, 0% used [0x00000000ede80000,0x00000000ede80000,0x00000000efb80000)
 ParOldGen       total 103936K, used 68810K [0x00000000a0000000, 0x00000000a6580000, 0x00000000e0000000)
  object space 103936K, 66% used [0x00000000a0000000,0x00000000a43329b0,0x00000000a6580000)
 Metaspace       used 78195K, capacity 83476K, committed 83604K, reserved 1122304K
  class space    used 10094K, capacity 11364K, committed 11452K, reserved 1048576K
GC Heap History (10 events):
Event: 3540.278 GC heap before
{Heap before GC invocations=19 (full 3):
 PSYoungGen      total 274944K, used 273786K [0x00000000e0000000, 0x00000000f6100000, 0x0000000100000000)
  eden space 254464K, 99% used [0x00000000e0000000,0x00000000ef7da780,0x00000000ef880000)
  from space 20480K, 97% used [0x00000000f3a80000,0x00000000f4e04190,0x00000000f4e80000)
  to   space 18944K, 0% used [0x00000000f4e80000,0x00000000f4e80000,0x00000000f6100000)
 ParOldGen       total 103936K, used 56862K [0x00000000a0000000, 0x00000000a6580000, 0x00000000e0000000)
  object space 103936K, 54% used [0x00000000a0000000,0x00000000a3787bf0,0x00000000a6580000)
 Metaspace       used 76566K, capacity 80898K, committed 81044K, reserved 1120256K
  class space    used 9943K, capacity 10939K, committed 10940K, reserved 1048576K
Event: 3540.358 GC heap after
Heap after GC invocations=19 (full 3):
 PSYoungGen      total 262656K, used 18934K [0x00000000e0000000, 0x00000000f6100000, 0x0000000100000000)
  eden space 243712K, 0% used [0x00000000e0000000,0x00000000e0000000,0x00000000eee00000)
  from space 18944K, 99% used [0x00000000f4e80000,0x00000000f60fd930,0x00000000f6100000)
  to   space 31232K, 0% used [0x00000000f2400000,0x00000000f2400000,0x00000000f4280000)
 ParOldGen       total 103936K, used 61859K [0x00000000a0000000, 0x00000000a6580000, 0x00000000e0000000)
  object space 103936K, 59% used [0x00000000a0000000,0x00000000a3c68c70,0x00000000a6580000)
 Metaspace       used 76566K, capacity 80898K, committed 81044K, reserved 1120256K
  class space    used 9943K, capacity 10939K, committed 10940K, reserved 1048576K
}
Event: 3939.710 GC heap before
{Heap before GC invocations=20 (full 3):
 PSYoungGen      total 262656K, used 262239K [0x00000000e0000000, 0x00000000f6100000, 0x0000000100000000)
  eden space 243712K, 99% used [0x00000000e0000000,0x00000000eed9a2e8,0x00000000eee00000)
  from space 18944K, 99% used [0x00000000f4e80000,0x00000000f60fd930,0x00000000f6100000)
  to   space 31232K, 0% used [0x00000000f2400000,0x00000000f2400000,0x00000000f4280000)
 ParOldGen       total 103936K, used 61859K [0x00000000a0000000, 0x00000000a6580000, 0x00000000e0000000)
  object space 103936K, 59% used [0x00000000a0000000,0x00000000a3c68c70,0x00000000a6580000)
 Metaspace       used 76903K, capacity 81348K, committed 81684K, reserved 1120256K
  class space    used 9964K, capacity 10980K, committed 11068K, reserved 1048576K
Event: 3939.837 GC heap after
Heap after GC invocations=20 (full 3):
 PSYoungGen      total 247808K, used 14183K [0x00000000e0000000, 0x00000000f4f00000, 0x0000000100000000)
  eden space 233472K, 0% used [0x00000000e0000000,0x00000000e0000000,0x00000000ee400000)
  from space 14336K, 98% used [0x00000000f2400000,0x00000000f31d9c88,0x00000000f3200000)
  to   space 29696K, 0% used [0x00000000f3200000,0x00000000f3200000,0x00000000f4f00000)
 ParOldGen       total 103936K, used 68794K [0x00000000a0000000, 0x00000000a6580000, 0x00000000e0000000)
  object space 103936K, 66% used [0x00000000a0000000,0x00000000a432e9b0,0x00000000a6580000)
 Metaspace       used 76903K, capacity 81348K, committed 81684K, reserved 1120256K
  class space    used 9964K, capacity 10980K, committed 11068K, reserved 1048576K
}
Event: 4176.151 GC heap before
{Heap before GC invocations=21 (full 3):
 PSYoungGen      total 247808K, used 247655K [0x00000000e0000000, 0x00000000f4f00000, 0x0000000100000000)
  eden space 233472K, 100% used [0x00000000e0000000,0x00000000ee400000,0x00000000ee400000)
  from space 14336K, 98% used [0x00000000f2400000,0x00000000f31d9c88,0x00000000f3200000)
  to   space 29696K, 0% used [0x00000000f3200000,0x00000000f3200000,0x00000000f4f00000)
 ParOldGen       total 103936K, used 68794K [0x00000000a0000000, 0x00000000a6580000, 0x00000000e0000000)
  object space 103936K, 66% used [0x00000000a0000000,0x00000000a432e9b0,0x00000000a6580000)
 Metaspace       used 77283K, capacity 81968K, committed 82196K, reserved 1120256K
  class space    used 9991K, capacity 11050K, committed 11068K, reserved 1048576K
Event: 4176.318 GC heap after
Heap after GC invocations=21 (full 3):
 PSYoungGen      total 242688K, used 18778K [0x00000000e0000000, 0x00000000f4480000, 0x0000000100000000)
  eden space 223744K, 0% used [0x00000000e0000000,0x00000000e0000000,0x00000000eda80000)
  from space 18944K, 99% used [0x00000000f3200000,0x00000000f44568b0,0x00000000f4480000)
  to   space 30208K, 0% used [0x00000000f0980000,0x00000000f0980000,0x00000000f2700000)
 ParOldGen       total 103936K, used 68794K [0x00000000a0000000, 0x00000000a6580000, 0x00000000e0000000)
  object space 103936K, 66% used [0x00000000a0000000,0x00000000a432e9b0,0x00000000a6580000)
 Metaspace       used 77283K, capacity 81968K, committed 82196K, reserved 1120256K
  class space    used 9991K, capacity 11050K, committed 11068K, reserved 1048576K
}
Event: 6834.630 GC heap before
{Heap before GC invocations=22 (full 3):
 PSYoungGen      total 242688K, used 242522K [0x00000000e0000000, 0x00000000f4480000, 0x0000000100000000)
  eden space 223744K, 100% used [0x00000000e0000000,0x00000000eda80000,0x00000000eda80000)
  from space 18944K, 99% used [0x00000000f3200000,0x00000000f44568b0,0x00000000f4480000)
  to   space 30208K, 0% used [0x00000000f0980000,0x00000000f0980000,0x00000000f2700000)
 ParOldGen       total 103936K, used 68794K [0x00000000a0000000, 0x00000000a6580000, 0x00000000e0000000)
  object space 103936K, 66% used [0x00000000a0000000,0x00000000a432e9b0,0x00000000a6580000)
 Metaspace       used 77664K, capacity 82608K, committed 82964K, reserved 1120256K
  class space    used 10044K, capacity 11216K, committed 11324K, reserved 1048576K
Event: 6835.065 GC heap after
Heap after GC invocations=22 (full 3):
 PSYoungGen      total 223232K, used 8406K [0x00000000e0000000, 0x00000000f3280000, 0x0000000100000000)
  eden space 214528K, 0% used [0x00000000e0000000,0x00000000e0000000,0x00000000ed180000)
  from space 8704K, 96% used [0x00000000f0980000,0x00000000f11b58e8,0x00000000f1200000)
  to   space 29696K, 0% used [0x00000000f1580000,0x00000000f1580000,0x00000000f3280000)
 ParOldGen       total 103936K, used 68802K [0x00000000a0000000, 0x00000000a6580000, 0x00000000e0000000)
  object space 103936K, 66% used [0x00000000a0000000,0x00000000a43309b0,0x00000000a6580000)
 Metaspace       used 77664K, capacity 82608K, committed 82964K, reserved 1120256K
  class space    used 10044K, capacity 11216K, committed 11324K, reserved 1048576K
}
Event: 7131.942 GC heap before
{Heap before GC invocations=23 (full 3):
 PSYoungGen      total 223232K, used 222934K [0x00000000e0000000, 0x00000000f3280000, 0x0000000100000000)
  eden space 214528K, 100% used [0x00000000e0000000,0x00000000ed180000,0x00000000ed180000)
  from space 8704K, 96% used [0x00000000f0980000,0x00000000f11b58e8,0x00000000f1200000)
  to   space 29696K, 0% used [0x00000000f1580000,0x00000000f1580000,0x00000000f3280000)
 ParOldGen       total 103936K, used 68802K [0x00000000a0000000, 0x00000000a6580000, 0x00000000e0000000)
  object space 103936K, 66% used [0x00000000a0000000,0x00000000a43309b0,0x00000000a6580000)
 Metaspace       used 78034K, capacity 83220K, committed 83476K, reserved 1122304K
  class space    used 10076K, capacity 11312K, committed 11324K, reserved 1048576K
Event: 7132.003 GC heap after
Heap after GC invocations=23 (full 3):
 PSYoungGen      total 208896K, used 3072K [0x00000000e0000000, 0x00000000f1880000, 0x0000000100000000)
  eden space 205824K, 0% used [0x00000000e0000000,0x00000000e0000000,0x00000000ec900000)
  from space 3072K, 100% used [0x00000000f1580000,0x00000000f1880000,0x00000000f1880000)
  to   space 29696K, 0% used [0x00000000ede80000,0x00000000ede80000,0x00000000efb80000)
 ParOldGen       total 103936K, used 68810K [0x00000000a0000000, 0x00000000a6580000, 0x00000000e0000000)
  object space 103936K, 66% used [0x00000000a0000000,0x00000000a43329b0,0x00000000a6580000)
 Metaspace       used 78034K, capacity 83220K, committed 83476K, reserved 1122304K
  class space    used 10076K, capacity 11312K, committed 11324K, reserved 1048576K
}

