# JRE version: OpenJDK Runtime Environment (8.0_112-b06) (build 1.8.0_112-release-b06)
# Java VM: OpenJDK 64-Bit Server VM (25.112-b06 mixed mode windows-amd64 compressed oops)
Heap:
 PSYoungGen      total 158720K, used 111573K [0x00000000e0000000, 0x00000000eb480000, 0x0000000100000000)
  eden space 151040K, 69% used [0x00000000e0000000,0x00000000e65ef7e8,0x00000000e9380000)
  from space 7680K, 93% used [0x00000000ead00000,0x00000000eb405f88,0x00000000eb480000)
  to   space 14336K, 0% used [0x00000000e9880000,0x00000000e9880000,0x00000000ea680000)
 ParOldGen       total 83968K, used 41043K [0x00000000a0000000, 0x00000000a5200000, 0x00000000e0000000)
  object space 83968K, 48% used [0x00000000a0000000,0x00000000a2814e08,0x00000000a5200000)
 Metaspace       used 62736K, capacity 65288K, committed 65536K, reserved 1105920K
  class space    used 8333K, capacity 8885K, committed 8960K, reserved 1048576K
GC Heap History (10 events):
Event: 51.231 GC heap before
{Heap before GC invocations=17 (full 2):
 PSYoungGen      total 106496K, used 106488K [0x00000000e0000000, 0x00000000e7500000, 0x0000000100000000)
  eden space 99328K, 100% used [0x00000000e0000000,0x00000000e6100000,0x00000000e6100000)
  from space 7168K, 99% used [0x00000000e6e00000,0x00000000e74fe108,0x00000000e7500000)
  to   space 8192K, 0% used [0x00000000e6500000,0x00000000e6500000,0x00000000e6d00000)
 ParOldGen       total 43008K, used 14772K [0x00000000a0000000, 0x00000000a2a00000, 0x00000000e0000000)
  object space 43008K, 34% used [0x00000000a0000000,0x00000000a0e6d1f8,0x00000000a2a00000)
 Metaspace       used 45572K, capacity 46676K, committed 46848K, reserved 1089536K
  class space    used 6093K, capacity 6346K, committed 6400K, reserved 1048576K
Event: 51.271 GC heap after
Heap after GC invocations=17 (full 2):
 PSYoungGen      total 111616K, used 7912K [0x00000000e0000000, 0x00000000e9600000, 0x0000000100000000)
  eden space 103424K, 0% used [0x00000000e0000000,0x00000000e0000000,0x00000000e6500000)
  from space 8192K, 96% used [0x00000000e6500000,0x00000000e6cba388,0x00000000e6d00000)
  to   space 9216K, 0% used [0x00000000e8d00000,0x00000000e8d00000,0x00000000e9600000)
 ParOldGen       total 43008K, used 20420K [0x00000000a0000000, 0x00000000a2a00000, 0x00000000e0000000)
  object space 43008K, 47% used [0x00000000a0000000,0x00000000a13f13a8,0x00000000a2a00000)
 Metaspace       used 45572K, capacity 46676K, committed 46848K, reserved 1089536K
  class space    used 6093K, capacity 6346K, committed 6400K, reserved 1048576K
}
Event: 57.505 GC heap before
{Heap before GC invocations=18 (full 2):
 PSYoungGen      total 111616K, used 111336K [0x00000000e0000000, 0x00000000e9600000, 0x0000000100000000)
  eden space 103424K, 100% used [0x00000000e0000000,0x00000000e6500000,0x00000000e6500000)
  from space 8192K, 96% used [0x00000000e6500000,0x00000000e6cba388,0x00000000e6d00000)
  to   space 9216K, 0% used [0x00000000e8d00000,0x00000000e8d00000,0x00000000e9600000)
 ParOldGen       total 43008K, used 20420K [0x00000000a0000000, 0x00000000a2a00000, 0x00000000e0000000)
  object space 43008K, 47% used [0x00000000a0000000,0x00000000a13f13a8,0x00000000a2a00000)
 Metaspace       used 50102K, capacity 51654K, committed 51840K, reserved 1093632K
  class space    used 6817K, capacity 7174K, committed 7296K, reserved 1048576K
Event: 57.578 GC heap after
Heap after GC invocations=18 (full 2):
 PSYoungGen      total 140288K, used 9216K [0x00000000e0000000, 0x00000000ea200000, 0x0000000100000000)
  eden space 131072K, 0% used [0x00000000e0000000,0x00000000e0000000,0x00000000e8000000)
  from space 9216K, 100% used [0x00000000e8d00000,0x00000000e9600000,0x00000000e9600000)
  to   space 13312K, 0% used [0x00000000e8000000,0x00000000e8000000,0x00000000e8d00000)
 ParOldGen       total 43008K, used 27987K [0x00000000a0000000, 0x00000000a2a00000, 0x00000000e0000000)
  object space 43008K, 65% used [0x00000000a0000000,0x00000000a1b54fb8,0x00000000a2a00000)
 Metaspace       used 50102K, capacity 51654K, committed 51840K, reserved 1093632K
  class space    used 6817K, capacity 7174K, committed 7296K, reserved 1048576K
}
Event: 76.069 GC heap before
{Heap before GC invocations=19 (full 2):
 PSYoungGen      total 140288K, used 140288K [0x00000000e0000000, 0x00000000ea200000, 0x0000000100000000)
  eden space 131072K, 100% used [0x00000000e0000000,0x00000000e8000000,0x00000000e8000000)
  from space 9216K, 100% used [0x00000000e8d00000,0x00000000e9600000,0x00000000e9600000)
  to   space 13312K, 0% used [0x00000000e8000000,0x00000000e8000000,0x00000000e8d00000)
 ParOldGen       total 43008K, used 27987K [0x00000000a0000000, 0x00000000a2a00000, 0x00000000e0000000)
  object space 43008K, 65% used [0x00000000a0000000,0x00000000a1b54fb8,0x00000000a2a00000)
 Metaspace       used 54037K, capacity 56210K, committed 56448K, reserved 1097728K
  class space    used 7307K, capacity 7758K, committed 7808K, reserved 1048576K
Event: 76.495 GC heap after
Heap after GC invocations=19 (full 2):
 PSYoungGen      total 144384K, used 11940K [0x00000000e0000000, 0x00000000ebb80000, 0x0000000100000000)
  eden space 131072K, 0% used [0x00000000e0000000,0x00000000e0000000,0x00000000e8000000)
  from space 13312K, 89% used [0x00000000e8000000,0x00000000e8ba9178,0x00000000e8d00000)
  to   space 14848K, 0% used [0x00000000ead00000,0x00000000ead00000,0x00000000ebb80000)
 ParOldGen       total 43008K, used 37051K [0x00000000a0000000, 0x00000000a2a00000, 0x00000000e0000000)
  object space 43008K, 86% used [0x00000000a0000000,0x00000000a242ef98,0x00000000a2a00000)
 Metaspace       used 54037K, capacity 56210K, committed 56448K, reserved 1097728K
  class space    used 7307K, capacity 7758K, committed 7808K, reserved 1048576K
}
Event: 76.495 GC heap before
{Heap before GC invocations=20 (full 3):
 PSYoungGen      total 144384K, used 11940K [0x00000000e0000000, 0x00000000ebb80000, 0x0000000100000000)
  eden space 131072K, 0% used [0x00000000e0000000,0x00000000e0000000,0x00000000e8000000)
  from space 13312K, 89% used [0x00000000e8000000,0x00000000e8ba9178,0x00000000e8d00000)
  to   space 14848K, 0% used [0x00000000ead00000,0x00000000ead00000,0x00000000ebb80000)
 ParOldGen       total 43008K, used 37051K [0x00000000a0000000, 0x00000000a2a00000, 0x00000000e0000000)
  object space 43008K, 86% used [0x00000000a0000000,0x00000000a242ef98,0x00000000a2a00000)
 Metaspace       used 54037K, capacity 56210K, committed 56448K, reserved 1097728K
  class space    used 7307K, capacity 7758K, committed 7808K, reserved 1048576K
Event: 77.985 GC heap after
Heap after GC invocations=20 (full 3):
 PSYoungGen      total 144384K, used 0K [0x00000000e0000000, 0x00000000ebb80000, 0x0000000100000000)
  eden space 131072K, 0% used [0x00000000e0000000,0x00000000e0000000,0x00000000e8000000)
  from space 13312K, 0% used [0x00000000e8000000,0x00000000e8000000,0x00000000e8d00000)
  to   space 14848K, 0% used [0x00000000ead00000,0x00000000ead00000,0x00000000ebb80000)
 ParOldGen       total 83968K, used 41035K [0x00000000a0000000, 0x00000000a5200000, 0x00000000e0000000)
  object space 83968K, 48% used [0x00000000a0000000,0x00000000a2812e08,0x00000000a5200000)
 Metaspace       used 54037K, capacity 56210K, committed 56448K, reserved 1097728K
  class space    used 7307K, capacity 7758K, committed 7808K, reserved 1048576K
}
Event: 1453.510 GC heap before
{Heap before GC invocations=21 (full 3):
 PSYoungGen      total 144384K, used 131072K [0x00000000e0000000, 0x00000000ebb80000, 0x0000000100000000)
  eden space 131072K, 100% used [0x00000000e0000000,0x00000000e8000000,0x00000000e8000000)
  from space 13312K, 0% used [0x00000000e8000000,0x00000000e8000000,0x00000000e8d00000)
  to   space 14848K, 0% used [0x00000000ead00000,0x00000000ead00000,0x00000000ebb80000)
 ParOldGen       total 83968K, used 41035K [0x00000000a0000000, 0x00000000a5200000, 0x00000000e0000000)
  object space 83968K, 48% used [0x00000000a0000000,0x00000000a2812e08,0x00000000a5200000)
 Metaspace       used 57485K, capacity 59896K, committed 60160K, reserved 1101824K
  class space    used 7706K, capacity 8175K, committed 8192K, reserved 1048576K
Event: 1453.917 GC heap after
Heap after GC invocations=21 (full 3):
 PSYoungGen      total 158720K, used 7191K [0x00000000e0000000, 0x00000000eb480000, 0x0000000100000000)
  eden space 151040K, 0% used [0x00000000e0000000,0x00000000e0000000,0x00000000e9380000)
  from space 7680K, 93% used [0x00000000ead00000,0x00000000eb405f88,0x00000000eb480000)
  to   space 14336K, 0% used [0x00000000e9880000,0x00000000e9880000,0x00000000ea680000)
 ParOldGen       total 83968K, used 41043K [0x00000000a0000000, 0x00000000a5200000, 0x00000000e0000000)
  object space 83968K, 48% used [0x00000000a0000000,0x00000000a2814e08,0x00000000a5200000)
 Metaspace       used 57485K, capacity 59896K, committed 60160K, reserved 1101824K
  class space    used 7706K, capacity 8175K, committed 8192K, reserved 1048576K
}

