# JRE version: OpenJDK Runtime Environment (8.0_112-b06) (build 1.8.0_112-release-b06)
# Java VM: OpenJDK 64-Bit Server VM (25.112-b06 mixed mode windows-amd64 compressed oops)
Heap:
 PSYoungGen      total 189440K, used 31591K [0x00000000e0000000, 0x00000000ee280000, 0x0000000100000000)
  eden space 162304K, 11% used [0x00000000e0000000,0x00000000e118c3c0,0x00000000e9e80000)
  from space 27136K, 50% used [0x00000000ec800000,0x00000000ed54d9d8,0x00000000ee280000)
  to   space 34816K, 0% used [0x00000000e9e80000,0x00000000e9e80000,0x00000000ec080000)
 ParOldGen       total 111104K, used 57968K [0x00000000a0000000, 0x00000000a6c80000, 0x00000000e0000000)
  object space 111104K, 52% used [0x00000000a0000000,0x00000000a389c2b0,0x00000000a6c80000)
 Metaspace       used 74744K, capacity 78374K, committed 78592K, reserved 1118208K
  class space    used 9572K, capacity 10212K, committed 10240K, reserved 1048576K
GC Heap History (10 events):
Event: 1894.590 GC heap before
{Heap before GC invocations=17 (full 3):
 PSYoungGen      total 207360K, used 198696K [0x00000000e0000000, 0x00000000ee380000, 0x0000000100000000)
  eden space 181760K, 100% used [0x00000000e0000000,0x00000000eb180000,0x00000000eb180000)
  from space 25600K, 66% used [0x00000000eb180000,0x00000000ec20a278,0x00000000eca80000)
  to   space 13312K, 0% used [0x00000000ed680000,0x00000000ed680000,0x00000000ee380000)
 ParOldGen       total 111104K, used 43340K [0x00000000a0000000, 0x00000000a6c80000, 0x00000000e0000000)
  object space 111104K, 39% used [0x00000000a0000000,0x00000000a2a53010,0x00000000a6c80000)
 Metaspace       used 71499K, capacity 74410K, committed 74624K, reserved 1114112K
  class space    used 9229K, capacity 9780K, committed 9856K, reserved 1048576K
Event: 1894.777 GC heap after
Heap after GC invocations=17 (full 3):
 PSYoungGen      total 201728K, used 13308K [0x00000000e0000000, 0x00000000f0180000, 0x0000000100000000)
  eden space 188416K, 0% used [0x00000000e0000000,0x00000000e0000000,0x00000000eb800000)
  from space 13312K, 99% used [0x00000000ed680000,0x00000000ee37f168,0x00000000ee380000)
  to   space 31232K, 0% used [0x00000000eb800000,0x00000000eb800000,0x00000000ed680000)
 ParOldGen       total 111104K, used 57936K [0x00000000a0000000, 0x00000000a6c80000, 0x00000000e0000000)
  object space 111104K, 52% used [0x00000000a0000000,0x00000000a38942b0,0x00000000a6c80000)
 Metaspace       used 71499K, capacity 74410K, committed 74624K, reserved 1114112K
  class space    used 9229K, capacity 9780K, committed 9856K, reserved 1048576K
}
Event: 2127.088 GC heap before
{Heap before GC invocations=18 (full 3):
 PSYoungGen      total 201728K, used 201724K [0x00000000e0000000, 0x00000000f0180000, 0x0000000100000000)
  eden space 188416K, 100% used [0x00000000e0000000,0x00000000eb800000,0x00000000eb800000)
  from space 13312K, 99% used [0x00000000ed680000,0x00000000ee37f168,0x00000000ee380000)
  to   space 31232K, 0% used [0x00000000eb800000,0x00000000eb800000,0x00000000ed680000)
 ParOldGen       total 111104K, used 57936K [0x00000000a0000000, 0x00000000a6c80000, 0x00000000e0000000)
  object space 111104K, 52% used [0x00000000a0000000,0x00000000a38942b0,0x00000000a6c80000)
 Metaspace       used 73306K, capacity 76410K, committed 76672K, reserved 1116160K
  class space    used 9489K, capacity 10090K, committed 10112K, reserved 1048576K
Event: 2127.145 GC heap after
Heap after GC invocations=18 (full 3):
 PSYoungGen      total 199168K, used 17707K [0x00000000e0000000, 0x00000000eee00000, 0x0000000100000000)
  eden space 181248K, 0% used [0x00000000e0000000,0x00000000e0000000,0x00000000eb100000)
  from space 17920K, 98% used [0x00000000eb800000,0x00000000ec94ae10,0x00000000ec980000)
  to   space 31232K, 0% used [0x00000000ecf80000,0x00000000ecf80000,0x00000000eee00000)
 ParOldGen       total 111104K, used 57944K [0x00000000a0000000, 0x00000000a6c80000, 0x00000000e0000000)
  object space 111104K, 52% used [0x00000000a0000000,0x00000000a38962b0,0x00000000a6c80000)
 Metaspace       used 73306K, capacity 76410K, committed 76672K, reserved 1116160K
  class space    used 9489K, capacity 10090K, committed 10112K, reserved 1048576K
}
Event: 4523.702 GC heap before
{Heap before GC invocations=19 (full 3):
 PSYoungGen      total 199168K, used 198955K [0x00000000e0000000, 0x00000000eee00000, 0x0000000100000000)
  eden space 181248K, 100% used [0x00000000e0000000,0x00000000eb100000,0x00000000eb100000)
  from space 17920K, 98% used [0x00000000eb800000,0x00000000ec94ae10,0x00000000ec980000)
  to   space 31232K, 0% used [0x00000000ecf80000,0x00000000ecf80000,0x00000000eee00000)
 ParOldGen       total 111104K, used 57944K [0x00000000a0000000, 0x00000000a6c80000, 0x00000000e0000000)
  object space 111104K, 52% used [0x00000000a0000000,0x00000000a38962b0,0x00000000a6c80000)
 Metaspace       used 73893K, capacity 77182K, committed 77312K, reserved 1116160K
  class space    used 9534K, capacity 10156K, committed 10240K, reserved 1048576K
Event: 4523.999 GC heap after
Heap after GC invocations=19 (full 3):
 PSYoungGen      total 202240K, used 22343K [0x00000000e0000000, 0x00000000eea80000, 0x0000000100000000)
  eden space 174592K, 0% used [0x00000000e0000000,0x00000000e0000000,0x00000000eaa80000)
  from space 27648K, 80% used [0x00000000ecf80000,0x00000000ee551f50,0x00000000eea80000)
  to   space 32768K, 0% used [0x00000000eaa80000,0x00000000eaa80000,0x00000000eca80000)
 ParOldGen       total 111104K, used 57952K [0x00000000a0000000, 0x00000000a6c80000, 0x00000000e0000000)
  object space 111104K, 52% used [0x00000000a0000000,0x00000000a38982b0,0x00000000a6c80000)
 Metaspace       used 73893K, capacity 77182K, committed 77312K, reserved 1116160K
  class space    used 9534K, capacity 10156K, committed 10240K, reserved 1048576K
}
Event: 4562.461 GC heap before
{Heap before GC invocations=20 (full 3):
 PSYoungGen      total 202240K, used 196302K [0x00000000e0000000, 0x00000000eea80000, 0x0000000100000000)
  eden space 174592K, 99% used [0x00000000e0000000,0x00000000ea9e1928,0x00000000eaa80000)
  from space 27648K, 80% used [0x00000000ecf80000,0x00000000ee551f50,0x00000000eea80000)
  to   space 32768K, 0% used [0x00000000eaa80000,0x00000000eaa80000,0x00000000eca80000)
 ParOldGen       total 111104K, used 57952K [0x00000000a0000000, 0x00000000a6c80000, 0x00000000e0000000)
  object space 111104K, 52% used [0x00000000a0000000,0x00000000a38982b0,0x00000000a6c80000)
 Metaspace       used 74333K, capacity 77646K, committed 77824K, reserved 1116160K
  class space    used 9536K, capacity 10158K, committed 10240K, reserved 1048576K
Event: 4562.553 GC heap after
Heap after GC invocations=20 (full 3):
 PSYoungGen      total 197120K, used 28602K [0x00000000e0000000, 0x00000000eeb80000, 0x0000000100000000)
  eden space 168448K, 0% used [0x00000000e0000000,0x00000000e0000000,0x00000000ea480000)
  from space 28672K, 99% used [0x00000000eaa80000,0x00000000ec66ebf0,0x00000000ec680000)
  to   space 36352K, 0% used [0x00000000ec800000,0x00000000ec800000,0x00000000eeb80000)
 ParOldGen       total 111104K, used 57960K [0x00000000a0000000, 0x00000000a6c80000, 0x00000000e0000000)
  object space 111104K, 52% used [0x00000000a0000000,0x00000000a389a2b0,0x00000000a6c80000)
 Metaspace       used 74333K, capacity 77646K, committed 77824K, reserved 1116160K
  class space    used 9536K, capacity 10158K, committed 10240K, reserved 1048576K
}
Event: 4843.105 GC heap before
{Heap before GC invocations=21 (full 3):
 PSYoungGen      total 197120K, used 197050K [0x00000000e0000000, 0x00000000eeb80000, 0x0000000100000000)
  eden space 168448K, 100% used [0x00000000e0000000,0x00000000ea480000,0x00000000ea480000)
  from space 28672K, 99% used [0x00000000eaa80000,0x00000000ec66ebf0,0x00000000ec680000)
  to   space 36352K, 0% used [0x00000000ec800000,0x00000000ec800000,0x00000000eeb80000)
 ParOldGen       total 111104K, used 57960K [0x00000000a0000000, 0x00000000a6c80000, 0x00000000e0000000)
  object space 111104K, 52% used [0x00000000a0000000,0x00000000a389a2b0,0x00000000a6c80000)
 Metaspace       used 74680K, capacity 78278K, committed 78336K, reserved 1118208K
  class space    used 9563K, capacity 10196K, committed 10240K, reserved 1048576K
Event: 4843.246 GC heap after
Heap after GC invocations=21 (full 3):
 PSYoungGen      total 189440K, used 13622K [0x00000000e0000000, 0x00000000ee280000, 0x0000000100000000)
  eden space 162304K, 0% used [0x00000000e0000000,0x00000000e0000000,0x00000000e9e80000)
  from space 27136K, 50% used [0x00000000ec800000,0x00000000ed54d9d8,0x00000000ee280000)
  to   space 34816K, 0% used [0x00000000e9e80000,0x00000000e9e80000,0x00000000ec080000)
 ParOldGen       total 111104K, used 57968K [0x00000000a0000000, 0x00000000a6c80000, 0x00000000e0000000)
  object space 111104K, 52% used [0x00000000a0000000,0x00000000a389c2b0,0x00000000a6c80000)
 Metaspace       used 74680K, capacity 78278K, committed 78336K, reserved 1118208K
  class space    used 9563K, capacity 10196K, committed 10240K, reserved 1048576K
}

