# JRE version: OpenJDK Runtime Environment (8.0_112-b06) (build 1.8.0_112-release-b06)
# Java VM: OpenJDK 64-Bit Server VM (25.112-b06 mixed mode windows-amd64 compressed oops)
Heap:
 PSYoungGen      total 208384K, used 193920K [0x00000000e0000000, 0x00000000ef600000, 0x0000000100000000)
  eden space 197632K, 92% used [0x00000000e0000000,0x00000000eb30ca68,0x00000000ec100000)
  from space 10752K, 98% used [0x00000000edb80000,0x00000000ee5d38c0,0x00000000ee600000)
  to   space 16384K, 0% used [0x00000000ee600000,0x00000000ee600000,0x00000000ef600000)
 ParOldGen       total 95232K, used 59037K [0x00000000a0000000, 0x00000000a5d00000, 0x00000000e0000000)
  object space 95232K, 61% used [0x00000000a0000000,0x00000000a39a75b0,0x00000000a5d00000)
 Metaspace       used 78035K, capacity 84258K, committed 84352K, reserved 1122304K
  class space    used 9978K, capacity 10850K, committed 10880K, reserved 1048576K
GC Heap History (10 events):
Event: 7193.707 GC heap before
{Heap before GC invocations=32 (full 3):
 PSYoungGen      total 249856K, used 249366K [0x00000000e0000000, 0x00000000f1e00000, 0x0000000100000000)
  eden space 243712K, 100% used [0x00000000e0000000,0x00000000eee00000,0x00000000eee00000)
  from space 6144K, 92% used [0x00000000f1800000,0x00000000f1d85858,0x00000000f1e00000)
  to   space 19968K, 0% used [0x00000000ef700000,0x00000000ef700000,0x00000000f0a80000)
 ParOldGen       total 95232K, used 59013K [0x00000000a0000000, 0x00000000a5d00000, 0x00000000e0000000)
  object space 95232K, 61% used [0x00000000a0000000,0x00000000a39a15b0,0x00000000a5d00000)
 Metaspace       used 77241K, capacity 83012K, committed 83328K, reserved 1122304K
  class space    used 9917K, capacity 10795K, committed 10880K, reserved 1048576K
Event: 7194.026 GC heap after
Heap after GC invocations=32 (full 3):
 PSYoungGen      total 241152K, used 7535K [0x00000000e0000000, 0x00000000f1880000, 0x0000000100000000)
  eden space 233472K, 0% used [0x00000000e0000000,0x00000000e0000000,0x00000000ee400000)
  from space 7680K, 98% used [0x00000000ef700000,0x00000000efe5be90,0x00000000efe80000)
  to   space 18944K, 0% used [0x00000000f0600000,0x00000000f0600000,0x00000000f1880000)
 ParOldGen       total 95232K, used 59013K [0x00000000a0000000, 0x00000000a5d00000, 0x00000000e0000000)
  object space 95232K, 61% used [0x00000000a0000000,0x00000000a39a15b0,0x00000000a5d00000)
 Metaspace       used 77241K, capacity 83012K, committed 83328K, reserved 1122304K
  class space    used 9917K, capacity 10795K, committed 10880K, reserved 1048576K
}
Event: 7368.575 GC heap before
{Heap before GC invocations=33 (full 3):
 PSYoungGen      total 241152K, used 241007K [0x00000000e0000000, 0x00000000f1880000, 0x0000000100000000)
  eden space 233472K, 100% used [0x00000000e0000000,0x00000000ee400000,0x00000000ee400000)
  from space 7680K, 98% used [0x00000000ef700000,0x00000000efe5be90,0x00000000efe80000)
  to   space 18944K, 0% used [0x00000000f0600000,0x00000000f0600000,0x00000000f1880000)
 ParOldGen       total 95232K, used 59013K [0x00000000a0000000, 0x00000000a5d00000, 0x00000000e0000000)
  object space 95232K, 61% used [0x00000000a0000000,0x00000000a39a15b0,0x00000000a5d00000)
 Metaspace       used 77395K, capacity 83396K, committed 83584K, reserved 1122304K
  class space    used 9936K, capacity 10813K, committed 10880K, reserved 1048576K
Event: 7368.674 GC heap after
Heap after GC invocations=33 (full 3):
 PSYoungGen      total 230912K, used 6658K [0x00000000e0000000, 0x00000000f0d00000, 0x0000000100000000)
  eden space 223744K, 0% used [0x00000000e0000000,0x00000000e0000000,0x00000000eda80000)
  from space 7168K, 92% used [0x00000000f0600000,0x00000000f0c80be0,0x00000000f0d00000)
  to   space 18432K, 0% used [0x00000000ee900000,0x00000000ee900000,0x00000000efb00000)
 ParOldGen       total 95232K, used 59021K [0x00000000a0000000, 0x00000000a5d00000, 0x00000000e0000000)
  object space 95232K, 61% used [0x00000000a0000000,0x00000000a39a35b0,0x00000000a5d00000)
 Metaspace       used 77395K, capacity 83396K, committed 83584K, reserved 1122304K
  class space    used 9936K, capacity 10813K, committed 10880K, reserved 1048576K
}
Event: 7470.928 GC heap before
{Heap before GC invocations=34 (full 3):
 PSYoungGen      total 230912K, used 230402K [0x00000000e0000000, 0x00000000f0d00000, 0x0000000100000000)
  eden space 223744K, 100% used [0x00000000e0000000,0x00000000eda80000,0x00000000eda80000)
  from space 7168K, 92% used [0x00000000f0600000,0x00000000f0c80be0,0x00000000f0d00000)
  to   space 18432K, 0% used [0x00000000ee900000,0x00000000ee900000,0x00000000efb00000)
 ParOldGen       total 95232K, used 59021K [0x00000000a0000000, 0x00000000a5d00000, 0x00000000e0000000)
  object space 95232K, 61% used [0x00000000a0000000,0x00000000a39a35b0,0x00000000a5d00000)
 Metaspace       used 77493K, capacity 83492K, committed 83584K, reserved 1122304K
  class space    used 9944K, capacity 10821K, committed 10880K, reserved 1048576K
Event: 7471.374 GC heap after
Heap after GC invocations=34 (full 3):
 PSYoungGen      total 221696K, used 6734K [0x00000000e0000000, 0x00000000f0680000, 0x0000000100000000)
  eden space 214528K, 0% used [0x00000000e0000000,0x00000000e0000000,0x00000000ed180000)
  from space 7168K, 93% used [0x00000000ee900000,0x00000000eef93bf0,0x00000000ef000000)
  to   space 17408K, 0% used [0x00000000ef580000,0x00000000ef580000,0x00000000f0680000)
 ParOldGen       total 95232K, used 59029K [0x00000000a0000000, 0x00000000a5d00000, 0x00000000e0000000)
  object space 95232K, 61% used [0x00000000a0000000,0x00000000a39a55b0,0x00000000a5d00000)
 Metaspace       used 77493K, capacity 83492K, committed 83584K, reserved 1122304K
  class space    used 9944K, capacity 10821K, committed 10880K, reserved 1048576K
}
Event: 7588.897 GC heap before
{Heap before GC invocations=35 (full 3):
 PSYoungGen      total 221696K, used 221262K [0x00000000e0000000, 0x00000000f0680000, 0x0000000100000000)
  eden space 214528K, 100% used [0x00000000e0000000,0x00000000ed180000,0x00000000ed180000)
  from space 7168K, 93% used [0x00000000ee900000,0x00000000eef93bf0,0x00000000ef000000)
  to   space 17408K, 0% used [0x00000000ef580000,0x00000000ef580000,0x00000000f0680000)
 ParOldGen       total 95232K, used 59029K [0x00000000a0000000, 0x00000000a5d00000, 0x00000000e0000000)
  object space 95232K, 61% used [0x00000000a0000000,0x00000000a39a55b0,0x00000000a5d00000)
 Metaspace       used 77640K, capacity 83750K, committed 83840K, reserved 1122304K
  class space    used 9956K, capacity 10836K, committed 10880K, reserved 1048576K
Event: 7588.959 GC heap after
Heap after GC invocations=35 (full 3):
 PSYoungGen      total 212992K, used 6802K [0x00000000e0000000, 0x00000000efc80000, 0x0000000100000000)
  eden space 205824K, 0% used [0x00000000e0000000,0x00000000e0000000,0x00000000ec900000)
  from space 7168K, 94% used [0x00000000ef580000,0x00000000efc24b50,0x00000000efc80000)
  to   space 16896K, 0% used [0x00000000edb80000,0x00000000edb80000,0x00000000eec00000)
 ParOldGen       total 95232K, used 59029K [0x00000000a0000000, 0x00000000a5d00000, 0x00000000e0000000)
  object space 95232K, 61% used [0x00000000a0000000,0x00000000a39a55b0,0x00000000a5d00000)
 Metaspace       used 77640K, capacity 83750K, committed 83840K, reserved 1122304K
  class space    used 9956K, capacity 10836K, committed 10880K, reserved 1048576K
}
Event: 7598.662 GC heap before
{Heap before GC invocations=36 (full 3):
 PSYoungGen      total 212992K, used 212626K [0x00000000e0000000, 0x00000000efc80000, 0x0000000100000000)
  eden space 205824K, 100% used [0x00000000e0000000,0x00000000ec900000,0x00000000ec900000)
  from space 7168K, 94% used [0x00000000ef580000,0x00000000efc24b50,0x00000000efc80000)
  to   space 16896K, 0% used [0x00000000edb80000,0x00000000edb80000,0x00000000eec00000)
 ParOldGen       total 95232K, used 59029K [0x00000000a0000000, 0x00000000a5d00000, 0x00000000e0000000)
  object space 95232K, 61% used [0x00000000a0000000,0x00000000a39a55b0,0x00000000a5d00000)
 Metaspace       used 77707K, capacity 83878K, committed 84096K, reserved 1122304K
  class space    used 9957K, capacity 10836K, committed 10880K, reserved 1048576K
Event: 7598.908 GC heap after
Heap after GC invocations=36 (full 3):
 PSYoungGen      total 208384K, used 10574K [0x00000000e0000000, 0x00000000ef600000, 0x0000000100000000)
  eden space 197632K, 0% used [0x00000000e0000000,0x00000000e0000000,0x00000000ec100000)
  from space 10752K, 98% used [0x00000000edb80000,0x00000000ee5d38c0,0x00000000ee600000)
  to   space 16384K, 0% used [0x00000000ee600000,0x00000000ee600000,0x00000000ef600000)
 ParOldGen       total 95232K, used 59037K [0x00000000a0000000, 0x00000000a5d00000, 0x00000000e0000000)
  object space 95232K, 61% used [0x00000000a0000000,0x00000000a39a75b0,0x00000000a5d00000)
 Metaspace       used 77707K, capacity 83878K, committed 84096K, reserved 1122304K
  class space    used 9957K, capacity 10836K, committed 10880K, reserved 1048576K
}

